<?xml version="1.0" encoding="UTF-8"?>
<!-- Generated by org.testng.reporters.JUnitReportReporter -->
<testsuite skipped="0" hostname="ASHOK-PC" name="com.qa.test.TestDemoGuru" tests="2" failures="0" timestamp="25 Jan 2018 17:45:43 GMT" time="16.207" errors="0">
  <testcase name="EnterDetails" time="2.452" classname="com.qa.test.TestDemoGuru"/>
  <testcase name="browser" time="13.755" classname="com.qa.test.TestDemoGuru"/>
</testsuite> <!-- com.qa.test.TestDemoGuru -->
