<?xml version="1.0" encoding="UTF-8"?>
<!-- Generated by org.testng.reporters.JUnitReportReporter -->
<testsuite skipped="0" hostname="ASHOK-PC" name="com.qa.test.DemoTest" tests="3" failures="0" timestamp="19 Jan 2018 12:59:40 GMT" time="0.023" errors="0">
  <testcase name="sum" time="0.003" classname="com.qa.test.DemoTest"/>
  <testcase name="sub" time="0.002" classname="com.qa.test.DemoTest"/>
  <testcase name="mult" time="0.018" classname="com.qa.test.DemoTest"/>
</testsuite> <!-- com.qa.test.DemoTest -->
