<?xml version="1.0" encoding="UTF-8"?>
<!-- Generated by org.testng.reporters.JUnitReportReporter -->
<testsuite skipped="4" hostname="ASHOK-PC" name="com.qa.test.HomePageTest" tests="5" failures="0" timestamp="27 Jan 2018 14:30:54 GMT" time="26.369" errors="0">
  <testcase name="ElectronicsPagetest" time="26.369" classname="com.qa.test.HomePageTest"/>
  <testcase name="verifyHomePageTitle" classname="com.qa.test.HomePageTest">
    <skipped/>
  </testcase> <!-- verifyHomePageTitle -->
  <testcase name="SamsungPageTest" classname="com.qa.test.HomePageTest">
    <skipped/>
  </testcase> <!-- SamsungPageTest -->
  <testcase name="Electronics" classname="com.qa.test.HomePageTest">
    <skipped/>
  </testcase> <!-- Electronics -->
  <testcase name="MenFootweartest" classname="com.qa.test.HomePageTest">
    <skipped/>
  </testcase> <!-- MenFootweartest -->
</testsuite> <!-- com.qa.test.HomePageTest -->
