<?xml version="1.0" encoding="UTF-8"?>
<!-- Generated by org.testng.reporters.JUnitReportReporter -->
<testsuite skipped="1" hostname="ASHOK-PC" name="com.qa.test.LoginPageTest" tests="2" failures="0" timestamp="27 Jan 2018 06:48:50 GMT" time="22.909" errors="0">
  <testcase name="logintest" time="22.909" classname="com.qa.test.LoginPageTest"/>
  <testcase name="testtitle" classname="com.qa.test.LoginPageTest">
    <skipped/>
  </testcase> <!-- testtitle -->
</testsuite> <!-- com.qa.test.LoginPageTest -->
